# JRE version: Java(TM) SE Runtime Environment (10.0.2+13) (build 10.0.2+13)
# Java VM: Java HotSpot(TM) 64-Bit Server VM (10.0.2+13, mixed mode, tiered, compressed oops, g1 gc, linux-amd64)
Heap:
 garbage-first heap   total 650240K, used 508544K [0x00000000c4200000, 0x0000000100000000)
  region size 1024K, 3 young (3072K), 3 survivors (3072K)
 Metaspace       used 13717K, capacity 13978K, committed 14336K, reserved 1062912K
  class space    used 1269K, capacity 1373K, committed 1536K, reserved 1048576K
GC Heap History (10 events):
Event: 1634,989 GC heap after
{Heap after GC invocations=292 (full 0):
 garbage-first heap   total 531456K, used 504183K [0x00000000c4200000, 0x0000000100000000)
  region size 1024K, 4 young (4096K), 4 survivors (4096K)
 Metaspace       used 13717K, capacity 13978K, committed 14336K, reserved 1062912K
  class space    used 1269K, capacity 1373K, committed 1536K, reserved 1048576K
}
Event: 1643,077 GC heap before
{Heap before GC invocations=293 (full 0):
 garbage-first heap   total 531456K, used 525687K [0x00000000c4200000, 0x0000000100000000)
  region size 1024K, 25 young (25600K), 4 survivors (4096K)
 Metaspace       used 13717K, capacity 13978K, committed 14336K, reserved 1062912K
  class space    used 1269K, capacity 1373K, committed 1536K, reserved 1048576K
}
Event: 1644,348 GC heap after
{Heap after GC invocations=294 (full 0):
 garbage-first heap   total 531456K, used 504801K [0x00000000c4200000, 0x0000000100000000)
  region size 1024K, 2 young (2048K), 2 survivors (2048K)
 Metaspace       used 13717K, capacity 13978K, committed 14336K, reserved 1062912K
  class space    used 1269K, capacity 1373K, committed 1536K, reserved 1048576K
}
Event: 1652,709 GC heap before
{Heap before GC invocations=294 (full 0):
 garbage-first heap   total 531456K, used 528353K [0x00000000c4200000, 0x0000000100000000)
  region size 1024K, 25 young (25600K), 2 survivors (2048K)
 Metaspace       used 13717K, capacity 13978K, committed 14336K, reserved 1062912K
  class space    used 1269K, capacity 1373K, committed 1536K, reserved 1048576K
}
Event: 1653,772 GC heap after
{Heap after GC invocations=295 (full 0):
 garbage-first heap   total 532480K, used 505706K [0x00000000c4200000, 0x0000000100000000)
  region size 1024K, 3 young (3072K), 3 survivors (3072K)
 Metaspace       used 13717K, capacity 13978K, committed 14336K, reserved 1062912K
  class space    used 1269K, capacity 1373K, committed 1536K, reserved 1048576K
}
Event: 1663,410 GC heap before
{Heap before GC invocations=295 (full 0):
 garbage-first heap   total 532480K, used 529258K [0x00000000c4200000, 0x0000000100000000)
  region size 1024K, 26 young (26624K), 3 survivors (3072K)
 Metaspace       used 13717K, capacity 13978K, committed 14336K, reserved 1062912K
  class space    used 1269K, capacity 1373K, committed 1536K, reserved 1048576K
}
Event: 1665,731 GC heap after
{Heap after GC invocations=296 (full 0):
 garbage-first heap   total 534528K, used 506904K [0x00000000c4200000, 0x0000000100000000)
  region size 1024K, 4 young (4096K), 4 survivors (4096K)
 Metaspace       used 13717K, capacity 13978K, committed 14336K, reserved 1062912K
  class space    used 1269K, capacity 1373K, committed 1536K, reserved 1048576K
}
Event: 1674,537 GC heap before
{Heap before GC invocations=297 (full 0):
 garbage-first heap   total 534528K, used 529432K [0x00000000c4200000, 0x0000000100000000)
  region size 1024K, 26 young (26624K), 4 survivors (4096K)
 Metaspace       used 13717K, capacity 13978K, committed 14336K, reserved 1062912K
  class space    used 1269K, capacity 1373K, committed 1536K, reserved 1048576K
}
Event: 1681,346 GC heap after
{Heap after GC invocations=298 (full 0):
 garbage-first heap   total 535552K, used 507818K [0x00000000c4200000, 0x0000000100000000)
  region size 1024K, 3 young (3072K), 3 survivors (3072K)
 Metaspace       used 13717K, capacity 13978K, committed 14336K, reserved 1062912K
  class space    used 1269K, capacity 1373K, committed 1536K, reserved 1048576K
}
Event: 1745,701 GC heap before
{Heap before GC invocations=298 (full 0):
 garbage-first heap   total 535552K, used 531370K [0x00000000c4200000, 0x0000000100000000)
  region size 1024K, 26 young (26624K), 3 survivors (3072K)
 Metaspace       used 13717K, capacity 13978K, committed 14336K, reserved 1062912K
  class space    used 1269K, capacity 1373K, committed 1536K, reserved 1048576K
}

