# JRE version: Java(TM) SE Runtime Environment (8.0_111-b14) (build 1.8.0_111-b14)
# Java VM: Java HotSpot(TM) 64-Bit Server VM (25.111-b14 mixed mode linux-amd64 compressed oops)
Heap:
 PSYoungGen      total 261632K, used 0K [0x000000078bf00000, 0x00000007a3280000, 0x00000007c0000000)
  eden space 160256K, 0% used [0x000000078bf00000,0x000000078bf00000,0x0000000795b80000)
  from space 101376K, 0% used [0x0000000795b80000,0x0000000795b80000,0x000000079be80000)
  to   space 97280K, 0% used [0x000000079d380000,0x000000079d380000,0x00000007a3280000)
 ParOldGen       total 539648K, used 510325K [0x0000000723c00000, 0x0000000744b00000, 0x000000078bf00000)
  object space 539648K, 94% used [0x0000000723c00000,0x0000000742e5d6c0,0x0000000744b00000)
 Metaspace       used 9441K, capacity 9836K, committed 9984K, reserved 1058816K
  class space    used 1120K, capacity 1244K, committed 1280K, reserved 1048576K
GC Heap History (10 events):
Event: 55,159 GC heap after
Heap after GC invocations=27 (full 6):
 PSYoungGen      total 224768K, used 10624K [0x000000078bf00000, 0x00000007a1d80000, 0x00000007c0000000)
  eden space 109056K, 0% used [0x000000078bf00000,0x000000078bf00000,0x0000000792980000)
  from space 115712K, 9% used [0x0000000792980000,0x00000007933e0010,0x0000000799a80000)
  to   space 113152K, 0% used [0x000000079af00000,0x000000079af00000,0x00000007a1d80000)
 ParOldGen       total 539648K, used 456558K [0x0000000723c00000, 0x0000000744b00000, 0x000000078bf00000)
  object space 539648K, 84% used [0x0000000723c00000,0x000000073f9db878,0x0000000744b00000)
 Metaspace       used 9441K, capacity 9836K, committed 9984K, reserved 1058816K
  class space    used 1120K, capacity 1244K, committed 1280K, reserved 1048576K
}
Event: 55,411 GC heap before
{Heap before GC invocations=28 (full 6):
 PSYoungGen      total 224768K, used 119680K [0x000000078bf00000, 0x00000007a1d80000, 0x00000007c0000000)
  eden space 109056K, 100% used [0x000000078bf00000,0x0000000792980000,0x0000000792980000)
  from space 115712K, 9% used [0x0000000792980000,0x00000007933e0010,0x0000000799a80000)
  to   space 113152K, 0% used [0x000000079af00000,0x000000079af00000,0x00000007a1d80000)
 ParOldGen       total 539648K, used 456558K [0x0000000723c00000, 0x0000000744b00000, 0x000000078bf00000)
  object space 539648K, 84% used [0x0000000723c00000,0x000000073f9db878,0x0000000744b00000)
 Metaspace       used 9441K, capacity 9836K, committed 9984K, reserved 1058816K
  class space    used 1120K, capacity 1244K, committed 1280K, reserved 1048576K
Event: 55,434 GC heap after
Heap after GC invocations=28 (full 6):
 PSYoungGen      total 235520K, used 10014K [0x000000078bf00000, 0x00000007a1580000, 0x00000007c0000000)
  eden space 130560K, 0% used [0x000000078bf00000,0x000000078bf00000,0x0000000793e80000)
  from space 104960K, 9% used [0x000000079af00000,0x000000079b8c7b58,0x00000007a1580000)
  to   space 110080K, 0% used [0x0000000793e80000,0x0000000793e80000,0x000000079aa00000)
 ParOldGen       total 539648K, used 469150K [0x0000000723c00000, 0x0000000744b00000, 0x000000078bf00000)
  object space 539648K, 86% used [0x0000000723c00000,0x0000000740627898,0x0000000744b00000)
 Metaspace       used 9441K, capacity 9836K, committed 9984K, reserved 1058816K
  class space    used 1120K, capacity 1244K, committed 1280K, reserved 1048576K
}
Event: 55,677 GC heap before
{Heap before GC invocations=29 (full 6):
 PSYoungGen      total 235520K, used 140574K [0x000000078bf00000, 0x00000007a1580000, 0x00000007c0000000)
  eden space 130560K, 100% used [0x000000078bf00000,0x0000000793e80000,0x0000000793e80000)
  from space 104960K, 9% used [0x000000079af00000,0x000000079b8c7b58,0x00000007a1580000)
  to   space 110080K, 0% used [0x0000000793e80000,0x0000000793e80000,0x000000079aa00000)
 ParOldGen       total 539648K, used 469150K [0x0000000723c00000, 0x0000000744b00000, 0x000000078bf00000)
  object space 539648K, 86% used [0x0000000723c00000,0x0000000740627898,0x0000000744b00000)
 Metaspace       used 9441K, capacity 9836K, committed 9984K, reserved 1058816K
  class space    used 1120K, capacity 1244K, committed 1280K, reserved 1048576K
Event: 55,924 GC heap after
Heap after GC invocations=29 (full 6):
 PSYoungGen      total 240640K, used 12446K [0x000000078bf00000, 0x00000007a2880000, 0x00000007c0000000)
  eden space 130560K, 0% used [0x000000078bf00000,0x000000078bf00000,0x0000000793e80000)
  from space 110080K, 11% used [0x0000000793e80000,0x0000000794aa78f8,0x000000079aa00000)
  to   space 105984K, 0% used [0x000000079c100000,0x000000079c100000,0x00000007a2880000)
 ParOldGen       total 539648K, used 477694K [0x0000000723c00000, 0x0000000744b00000, 0x000000078bf00000)
  object space 539648K, 88% used [0x0000000723c00000,0x0000000740e7f898,0x0000000744b00000)
 Metaspace       used 9441K, capacity 9836K, committed 9984K, reserved 1058816K
  class space    used 1120K, capacity 1244K, committed 1280K, reserved 1048576K
}
Event: 56,078 GC heap before
{Heap before GC invocations=30 (full 6):
 PSYoungGen      total 240640K, used 143006K [0x000000078bf00000, 0x00000007a2880000, 0x00000007c0000000)
  eden space 130560K, 100% used [0x000000078bf00000,0x0000000793e80000,0x0000000793e80000)
  from space 110080K, 11% used [0x0000000793e80000,0x0000000794aa78f8,0x000000079aa00000)
  to   space 105984K, 0% used [0x000000079c100000,0x000000079c100000,0x00000007a2880000)
 ParOldGen       total 539648K, used 477694K [0x0000000723c00000, 0x0000000744b00000, 0x000000078bf00000)
  object space 539648K, 88% used [0x0000000723c00000,0x0000000740e7f898,0x0000000744b00000)
 Metaspace       used 9441K, capacity 9836K, committed 9984K, reserved 1058816K
  class space    used 1120K, capacity 1244K, committed 1280K, reserved 1048576K
Event: 56,268 GC heap after
Heap after GC invocations=30 (full 6):
 PSYoungGen      total 259072K, used 14400K [0x000000078bf00000, 0x00000007a2180000, 0x00000007c0000000)
  eden space 160256K, 0% used [0x000000078bf00000,0x000000078bf00000,0x0000000795b80000)
  from space 98816K, 14% used [0x000000079c100000,0x000000079cf10010,0x00000007a2180000)
  to   space 101376K, 0% used [0x0000000795b80000,0x0000000795b80000,0x000000079be80000)
 ParOldGen       total 539648K, used 490028K [0x0000000723c00000, 0x0000000744b00000, 0x000000078bf00000)
  object space 539648K, 90% used [0x0000000723c00000,0x0000000741a8b190,0x0000000744b00000)
 Metaspace       used 9441K, capacity 9836K, committed 9984K, reserved 1058816K
  class space    used 1120K, capacity 1244K, committed 1280K, reserved 1048576K
}
Event: 56,466 GC heap before
{Heap before GC invocations=31 (full 6):
 PSYoungGen      total 259072K, used 174653K [0x000000078bf00000, 0x00000007a2180000, 0x00000007c0000000)
  eden space 160256K, 99% used [0x000000078bf00000,0x0000000795b7f7c0,0x0000000795b80000)
  from space 98816K, 14% used [0x000000079c100000,0x000000079cf10010,0x00000007a2180000)
  to   space 101376K, 0% used [0x0000000795b80000,0x0000000795b80000,0x000000079be80000)
 ParOldGen       total 539648K, used 490028K [0x0000000723c00000, 0x0000000744b00000, 0x000000078bf00000)
  object space 539648K, 90% used [0x0000000723c00000,0x0000000741a8b190,0x0000000744b00000)
 Metaspace       used 9441K, capacity 9836K, committed 9984K, reserved 1058816K
  class space    used 1120K, capacity 1244K, committed 1280K, reserved 1048576K
Event: 56,546 GC heap after
Heap after GC invocations=31 (full 6):
 PSYoungGen      total 261632K, used 12832K [0x000000078bf00000, 0x00000007a3280000, 0x00000007c0000000)
  eden space 160256K, 0% used [0x000000078bf00000,0x000000078bf00000,0x0000000795b80000)
  from space 101376K, 12% used [0x0000000795b80000,0x0000000796808000,0x000000079be80000)
  to   space 97280K, 0% used [0x000000079d380000,0x000000079d380000,0x00000007a3280000)
 ParOldGen       total 539648K, used 504388K [0x0000000723c00000, 0x0000000744b00000, 0x000000078bf00000)
  object space 539648K, 93% used [0x0000000723c00000,0x00000007428911a0,0x0000000744b00000)
 Metaspace       used 9441K, capacity 9836K, committed 9984K, reserved 1058816K
  class space    used 1120K, capacity 1244K, committed 1280K, reserved 1048576K
}
Event: 56,566 GC heap before
{Heap before GC invocations=32 (full 7):
 PSYoungGen      total 261632K, used 12832K [0x000000078bf00000, 0x00000007a3280000, 0x00000007c0000000)
  eden space 160256K, 0% used [0x000000078bf00000,0x000000078bf00000,0x0000000795b80000)
  from space 101376K, 12% used [0x0000000795b80000,0x0000000796808000,0x000000079be80000)
  to   space 97280K, 0% used [0x000000079d380000,0x000000079d380000,0x00000007a3280000)
 ParOldGen       total 539648K, used 504388K [0x0000000723c00000, 0x0000000744b00000, 0x000000078bf00000)
  object space 539648K, 93% used [0x0000000723c00000,0x00000007428911a0,0x0000000744b00000)
 Metaspace       used 9441K, capacity 9836K, committed 9984K, reserved 1058816K
  class space    used 1120K, capacity 1244K, committed 1280K, reserved 1048576K

