# JRE version: Java(TM) SE Runtime Environment (8.0_111-b14) (build 1.8.0_111-b14)
# Java VM: Java HotSpot(TM) 64-Bit Server VM (25.111-b14 mixed mode linux-amd64 compressed oops)
Heap:
 PSYoungGen      total 163328K, used 5477K [0x00000000ec100000, 0x00000000f6600000, 0x0000000100000000)
  eden space 157696K, 0% used [0x00000000ec100000,0x00000000ec100000,0x00000000f5b00000)
  from space 5632K, 97% used [0x00000000f5b00000,0x00000000f60597d0,0x00000000f6080000)
  to   space 5632K, 0% used [0x00000000f6080000,0x00000000f6080000,0x00000000f6600000)
 ParOldGen       total 40960K, used 13215K [0x00000000c4200000, 0x00000000c6a00000, 0x00000000ec100000)
  object space 40960K, 32% used [0x00000000c4200000,0x00000000c4ee7e20,0x00000000c6a00000)
 Metaspace       used 12887K, capacity 13424K, committed 13568K, reserved 1060864K
  class space    used 1531K, capacity 1686K, committed 1792K, reserved 1048576K
GC Heap History (10 events):
Event: 2,482 GC heap after
Heap after GC invocations=8 (full 0):
 PSYoungGen      total 67584K, used 1408K [0x00000000ec100000, 0x00000000f0900000, 0x0000000100000000)
  eden space 61440K, 0% used [0x00000000ec100000,0x00000000ec100000,0x00000000efd00000)
  from space 6144K, 22% used [0x00000000f0300000,0x00000000f0460010,0x00000000f0900000)
  to   space 6144K, 0% used [0x00000000efd00000,0x00000000efd00000,0x00000000f0300000)
 ParOldGen       total 40960K, used 7226K [0x00000000c4200000, 0x00000000c6a00000, 0x00000000ec100000)
  object space 40960K, 17% used [0x00000000c4200000,0x00000000c490e9c0,0x00000000c6a00000)
 Metaspace       used 9820K, capacity 10364K, committed 10496K, reserved 1058816K
  class space    used 1143K, capacity 1272K, committed 1280K, reserved 1048576K
}
Event: 3,768 GC heap before
{Heap before GC invocations=9 (full 0):
 PSYoungGen      total 67584K, used 62848K [0x00000000ec100000, 0x00000000f0900000, 0x0000000100000000)
  eden space 61440K, 100% used [0x00000000ec100000,0x00000000efd00000,0x00000000efd00000)
  from space 6144K, 22% used [0x00000000f0300000,0x00000000f0460010,0x00000000f0900000)
  to   space 6144K, 0% used [0x00000000efd00000,0x00000000efd00000,0x00000000f0300000)
 ParOldGen       total 40960K, used 7226K [0x00000000c4200000, 0x00000000c6a00000, 0x00000000ec100000)
  object space 40960K, 17% used [0x00000000c4200000,0x00000000c490e9c0,0x00000000c6a00000)
 Metaspace       used 9860K, capacity 10364K, committed 10496K, reserved 1058816K
  class space    used 1143K, capacity 1272K, committed 1280K, reserved 1048576K
Event: 3,771 GC heap after
Heap after GC invocations=9 (full 0):
 PSYoungGen      total 67584K, used 2304K [0x00000000ec100000, 0x00000000f2c00000, 0x0000000100000000)
  eden space 61440K, 0% used [0x00000000ec100000,0x00000000ec100000,0x00000000efd00000)
  from space 6144K, 37% used [0x00000000efd00000,0x00000000eff40010,0x00000000f0300000)
  to   space 5632K, 0% used [0x00000000f2680000,0x00000000f2680000,0x00000000f2c00000)
 ParOldGen       total 40960K, used 7506K [0x00000000c4200000, 0x00000000c6a00000, 0x00000000ec100000)
  object space 40960K, 18% used [0x00000000c4200000,0x00000000c49549c0,0x00000000c6a00000)
 Metaspace       used 9860K, capacity 10364K, committed 10496K, reserved 1058816K
  class space    used 1143K, capacity 1272K, committed 1280K, reserved 1048576K
}
Event: 5,355 GC heap before
{Heap before GC invocations=10 (full 0):
 PSYoungGen      total 67584K, used 63744K [0x00000000ec100000, 0x00000000f2c00000, 0x0000000100000000)
  eden space 61440K, 100% used [0x00000000ec100000,0x00000000efd00000,0x00000000efd00000)
  from space 6144K, 37% used [0x00000000efd00000,0x00000000eff40010,0x00000000f0300000)
  to   space 5632K, 0% used [0x00000000f2680000,0x00000000f2680000,0x00000000f2c00000)
 ParOldGen       total 40960K, used 7506K [0x00000000c4200000, 0x00000000c6a00000, 0x00000000ec100000)
  object space 40960K, 18% used [0x00000000c4200000,0x00000000c49549c0,0x00000000c6a00000)
 Metaspace       used 9874K, capacity 10364K, committed 10496K, reserved 1058816K
  class space    used 1143K, capacity 1272K, committed 1280K, reserved 1048576K
Event: 5,358 GC heap after
Heap after GC invocations=10 (full 0):
 PSYoungGen      total 103936K, used 2240K [0x00000000ec100000, 0x00000000f2c00000, 0x0000000100000000)
  eden space 98304K, 0% used [0x00000000ec100000,0x00000000ec100000,0x00000000f2100000)
  from space 5632K, 39% used [0x00000000f2680000,0x00000000f28b0000,0x00000000f2c00000)
  to   space 5632K, 0% used [0x00000000f2100000,0x00000000f2100000,0x00000000f2680000)
 ParOldGen       total 40960K, used 8586K [0x00000000c4200000, 0x00000000c6a00000, 0x00000000ec100000)
  object space 40960K, 20% used [0x00000000c4200000,0x00000000c4a629d0,0x00000000c6a00000)
 Metaspace       used 9874K, capacity 10364K, committed 10496K, reserved 1058816K
  class space    used 1143K, capacity 1272K, committed 1280K, reserved 1048576K
}
Event: 7,117 GC heap before
{Heap before GC invocations=11 (full 0):
 PSYoungGen      total 103936K, used 100544K [0x00000000ec100000, 0x00000000f2c00000, 0x0000000100000000)
  eden space 98304K, 100% used [0x00000000ec100000,0x00000000f2100000,0x00000000f2100000)
  from space 5632K, 39% used [0x00000000f2680000,0x00000000f28b0000,0x00000000f2c00000)
  to   space 5632K, 0% used [0x00000000f2100000,0x00000000f2100000,0x00000000f2680000)
 ParOldGen       total 40960K, used 8586K [0x00000000c4200000, 0x00000000c6a00000, 0x00000000ec100000)
  object space 40960K, 20% used [0x00000000c4200000,0x00000000c4a629d0,0x00000000c6a00000)
 Metaspace       used 9890K, capacity 10364K, committed 10496K, reserved 1058816K
  class space    used 1143K, capacity 1272K, committed 1280K, reserved 1048576K
Event: 7,131 GC heap after
Heap after GC invocations=11 (full 0):
 PSYoungGen      total 103936K, used 1264K [0x00000000ec100000, 0x00000000f6600000, 0x0000000100000000)
  eden space 98304K, 0% used [0x00000000ec100000,0x00000000ec100000,0x00000000f2100000)
  from space 5632K, 22% used [0x00000000f2100000,0x00000000f223c130,0x00000000f2680000)
  to   space 5632K, 0% used [0x00000000f6080000,0x00000000f6080000,0x00000000f6600000)
 ParOldGen       total 40960K, used 10695K [0x00000000c4200000, 0x00000000c6a00000, 0x00000000ec100000)
  object space 40960K, 26% used [0x00000000c4200000,0x00000000c4c71dd0,0x00000000c6a00000)
 Metaspace       used 9890K, capacity 10364K, committed 10496K, reserved 1058816K
  class space    used 1143K, capacity 1272K, committed 1280K, reserved 1048576K
}
Event: 9,407 GC heap before
{Heap before GC invocations=12 (full 0):
 PSYoungGen      total 103936K, used 99568K [0x00000000ec100000, 0x00000000f6600000, 0x0000000100000000)
  eden space 98304K, 100% used [0x00000000ec100000,0x00000000f2100000,0x00000000f2100000)
  from space 5632K, 22% used [0x00000000f2100000,0x00000000f223c130,0x00000000f2680000)
  to   space 5632K, 0% used [0x00000000f6080000,0x00000000f6080000,0x00000000f6600000)
 ParOldGen       total 40960K, used 10695K [0x00000000c4200000, 0x00000000c6a00000, 0x00000000ec100000)
  object space 40960K, 26% used [0x00000000c4200000,0x00000000c4c71dd0,0x00000000c6a00000)
 Metaspace       used 9918K, capacity 10428K, committed 10496K, reserved 1058816K
  class space    used 1143K, capacity 1272K, committed 1280K, reserved 1048576K
Event: 9,410 GC heap after
Heap after GC invocations=12 (full 0):
 PSYoungGen      total 163328K, used 1560K [0x00000000ec100000, 0x00000000f6600000, 0x0000000100000000)
  eden space 157696K, 0% used [0x00000000ec100000,0x00000000ec100000,0x00000000f5b00000)
  from space 5632K, 27% used [0x00000000f6080000,0x00000000f62061a8,0x00000000f6600000)
  to   space 5632K, 0% used [0x00000000f5b00000,0x00000000f5b00000,0x00000000f6080000)
 ParOldGen       total 40960K, used 11871K [0x00000000c4200000, 0x00000000c6a00000, 0x00000000ec100000)
  object space 40960K, 28% used [0x00000000c4200000,0x00000000c4d97e20,0x00000000c6a00000)
 Metaspace       used 9918K, capacity 10428K, committed 10496K, reserved 1058816K
  class space    used 1143K, capacity 1272K, committed 1280K, reserved 1048576K
}
Event: 28,641 GC heap before
{Heap before GC invocations=13 (full 0):
 PSYoungGen      total 163328K, used 159256K [0x00000000ec100000, 0x00000000f6600000, 0x0000000100000000)
  eden space 157696K, 100% used [0x00000000ec100000,0x00000000f5b00000,0x00000000f5b00000)
  from space 5632K, 27% used [0x00000000f6080000,0x00000000f62061a8,0x00000000f6600000)
  to   space 5632K, 0% used [0x00000000f5b00000,0x00000000f5b00000,0x00000000f6080000)
 ParOldGen       total 40960K, used 11871K [0x00000000c4200000, 0x00000000c6a00000, 0x00000000ec100000)
  object space 40960K, 28% used [0x00000000c4200000,0x00000000c4d97e20,0x00000000c6a00000)
 Metaspace       used 12887K, capacity 13424K, committed 13568K, reserved 1060864K
  class space    used 1531K, capacity 1686K, committed 1792K, reserved 1048576K

