# JRE version: Java(TM) SE Runtime Environment (8.0_111-b14) (build 1.8.0_111-b14)
# Java VM: Java HotSpot(TM) 64-Bit Server VM (25.111-b14 mixed mode linux-amd64 compressed oops)
Heap:
 PSYoungGen      total 202240K, used 5625K [0x00000000ec100000, 0x00000000f8c00000, 0x0000000100000000)
  eden space 196608K, 0% used [0x00000000ec100000,0x00000000ec100000,0x00000000f8100000)
  from space 5632K, 99% used [0x00000000f8100000,0x00000000f867e790,0x00000000f8680000)
  to   space 5632K, 0% used [0x00000000f8680000,0x00000000f8680000,0x00000000f8c00000)
 ParOldGen       total 40960K, used 15672K [0x00000000c4200000, 0x00000000c6a00000, 0x00000000ec100000)
  object space 40960K, 38% used [0x00000000c4200000,0x00000000c514e208,0x00000000c6a00000)
 Metaspace       used 15657K, capacity 16298K, committed 16512K, reserved 1062912K
  class space    used 1881K, capacity 2081K, committed 2176K, reserved 1048576K
GC Heap History (10 events):
Event: 2,768 GC heap after
Heap after GC invocations=6 (full 0):
 PSYoungGen      total 66560K, used 3154K [0x00000000ec100000, 0x00000000f0800000, 0x0000000100000000)
  eden space 61440K, 0% used [0x00000000ec100000,0x00000000ec100000,0x00000000efd00000)
  from space 5120K, 61% used [0x00000000f0300000,0x00000000f0614970,0x00000000f0800000)
  to   space 5632K, 0% used [0x00000000efd00000,0x00000000efd00000,0x00000000f0280000)
 ParOldGen       total 40960K, used 4926K [0x00000000c4200000, 0x00000000c6a00000, 0x00000000ec100000)
  object space 40960K, 12% used [0x00000000c4200000,0x00000000c46cf960,0x00000000c6a00000)
 Metaspace       used 9752K, capacity 10296K, committed 10496K, reserved 1058816K
  class space    used 1143K, capacity 1272K, committed 1280K, reserved 1048576K
}
Event: 3,528 GC heap before
{Heap before GC invocations=7 (full 0):
 PSYoungGen      total 66560K, used 64594K [0x00000000ec100000, 0x00000000f0800000, 0x0000000100000000)
  eden space 61440K, 100% used [0x00000000ec100000,0x00000000efd00000,0x00000000efd00000)
  from space 5120K, 61% used [0x00000000f0300000,0x00000000f0614970,0x00000000f0800000)
  to   space 5632K, 0% used [0x00000000efd00000,0x00000000efd00000,0x00000000f0280000)
 ParOldGen       total 40960K, used 4926K [0x00000000c4200000, 0x00000000c6a00000, 0x00000000ec100000)
  object space 40960K, 12% used [0x00000000c4200000,0x00000000c46cf960,0x00000000c6a00000)
 Metaspace       used 9840K, capacity 10364K, committed 10496K, reserved 1058816K
  class space    used 1143K, capacity 1272K, committed 1280K, reserved 1048576K
Event: 3,533 GC heap after
Heap after GC invocations=7 (full 0):
 PSYoungGen      total 67072K, used 1984K [0x00000000ec100000, 0x00000000f4400000, 0x0000000100000000)
  eden space 61440K, 0% used [0x00000000ec100000,0x00000000ec100000,0x00000000efd00000)
  from space 5632K, 35% used [0x00000000efd00000,0x00000000efef0000,0x00000000f0280000)
  to   space 5632K, 0% used [0x00000000f3e80000,0x00000000f3e80000,0x00000000f4400000)
 ParOldGen       total 40960K, used 7032K [0x00000000c4200000, 0x00000000c6a00000, 0x00000000ec100000)
  object space 40960K, 17% used [0x00000000c4200000,0x00000000c48de090,0x00000000c6a00000)
 Metaspace       used 9840K, capacity 10364K, committed 10496K, reserved 1058816K
  class space    used 1143K, capacity 1272K, committed 1280K, reserved 1048576K
}
Event: 4,748 GC heap before
{Heap before GC invocations=8 (full 0):
 PSYoungGen      total 67072K, used 63424K [0x00000000ec100000, 0x00000000f4400000, 0x0000000100000000)
  eden space 61440K, 100% used [0x00000000ec100000,0x00000000efd00000,0x00000000efd00000)
  from space 5632K, 35% used [0x00000000efd00000,0x00000000efef0000,0x00000000f0280000)
  to   space 5632K, 0% used [0x00000000f3e80000,0x00000000f3e80000,0x00000000f4400000)
 ParOldGen       total 40960K, used 7032K [0x00000000c4200000, 0x00000000c6a00000, 0x00000000ec100000)
  object space 40960K, 17% used [0x00000000c4200000,0x00000000c48de090,0x00000000c6a00000)
 Metaspace       used 9874K, capacity 10364K, committed 10496K, reserved 1058816K
  class space    used 1143K, capacity 1272K, committed 1280K, reserved 1048576K
Event: 4,750 GC heap after
Heap after GC invocations=8 (full 0):
 PSYoungGen      total 128512K, used 2880K [0x00000000ec100000, 0x00000000f4400000, 0x0000000100000000)
  eden space 122880K, 0% used [0x00000000ec100000,0x00000000ec100000,0x00000000f3900000)
  from space 5632K, 51% used [0x00000000f3e80000,0x00000000f4150000,0x00000000f4400000)
  to   space 5632K, 0% used [0x00000000f3900000,0x00000000f3900000,0x00000000f3e80000)
 ParOldGen       total 40960K, used 7184K [0x00000000c4200000, 0x00000000c6a00000, 0x00000000ec100000)
  object space 40960K, 17% used [0x00000000c4200000,0x00000000c4904090,0x00000000c6a00000)
 Metaspace       used 9874K, capacity 10364K, committed 10496K, reserved 1058816K
  class space    used 1143K, capacity 1272K, committed 1280K, reserved 1048576K
}
Event: 7,486 GC heap before
{Heap before GC invocations=9 (full 0):
 PSYoungGen      total 128512K, used 125760K [0x00000000ec100000, 0x00000000f4400000, 0x0000000100000000)
  eden space 122880K, 100% used [0x00000000ec100000,0x00000000f3900000,0x00000000f3900000)
  from space 5632K, 51% used [0x00000000f3e80000,0x00000000f4150000,0x00000000f4400000)
  to   space 5632K, 0% used [0x00000000f3900000,0x00000000f3900000,0x00000000f3e80000)
 ParOldGen       total 40960K, used 7184K [0x00000000c4200000, 0x00000000c6a00000, 0x00000000ec100000)
  object space 40960K, 17% used [0x00000000c4200000,0x00000000c4904090,0x00000000c6a00000)
 Metaspace       used 9890K, capacity 10364K, committed 10496K, reserved 1058816K
  class space    used 1143K, capacity 1272K, committed 1280K, reserved 1048576K
Event: 7,491 GC heap after
Heap after GC invocations=9 (full 0):
 PSYoungGen      total 128512K, used 3680K [0x00000000ec100000, 0x00000000f8c00000, 0x0000000100000000)
  eden space 122880K, 0% used [0x00000000ec100000,0x00000000ec100000,0x00000000f3900000)
  from space 5632K, 65% used [0x00000000f3900000,0x00000000f3c98140,0x00000000f3e80000)
  to   space 5632K, 0% used [0x00000000f8680000,0x00000000f8680000,0x00000000f8c00000)
 ParOldGen       total 40960K, used 7848K [0x00000000c4200000, 0x00000000c6a00000, 0x00000000ec100000)
  object space 40960K, 19% used [0x00000000c4200000,0x00000000c49aa090,0x00000000c6a00000)
 Metaspace       used 9890K, capacity 10364K, committed 10496K, reserved 1058816K
  class space    used 1143K, capacity 1272K, committed 1280K, reserved 1048576K
}
Event: 10,377 GC heap before
{Heap before GC invocations=10 (full 0):
 PSYoungGen      total 128512K, used 126560K [0x00000000ec100000, 0x00000000f8c00000, 0x0000000100000000)
  eden space 122880K, 100% used [0x00000000ec100000,0x00000000f3900000,0x00000000f3900000)
  from space 5632K, 65% used [0x00000000f3900000,0x00000000f3c98140,0x00000000f3e80000)
  to   space 5632K, 0% used [0x00000000f8680000,0x00000000f8680000,0x00000000f8c00000)
 ParOldGen       total 40960K, used 7848K [0x00000000c4200000, 0x00000000c6a00000, 0x00000000ec100000)
  object space 40960K, 19% used [0x00000000c4200000,0x00000000c49aa090,0x00000000c6a00000)
 Metaspace       used 9928K, capacity 10428K, committed 10496K, reserved 1058816K
  class space    used 1143K, capacity 1272K, committed 1280K, reserved 1048576K
Event: 10,381 GC heap after
Heap after GC invocations=10 (full 0):
 PSYoungGen      total 202240K, used 3408K [0x00000000ec100000, 0x00000000f8c00000, 0x0000000100000000)
  eden space 196608K, 0% used [0x00000000ec100000,0x00000000ec100000,0x00000000f8100000)
  from space 5632K, 60% used [0x00000000f8680000,0x00000000f89d4380,0x00000000f8c00000)
  to   space 5632K, 0% used [0x00000000f8100000,0x00000000f8100000,0x00000000f8680000)
 ParOldGen       total 40960K, used 9904K [0x00000000c4200000, 0x00000000c6a00000, 0x00000000ec100000)
  object space 40960K, 24% used [0x00000000c4200000,0x00000000c4bac090,0x00000000c6a00000)
 Metaspace       used 9928K, capacity 10428K, committed 10496K, reserved 1058816K
  class space    used 1143K, capacity 1272K, committed 1280K, reserved 1048576K
}
Event: 75,202 GC heap before
{Heap before GC invocations=11 (full 0):
 PSYoungGen      total 202240K, used 200016K [0x00000000ec100000, 0x00000000f8c00000, 0x0000000100000000)
  eden space 196608K, 100% used [0x00000000ec100000,0x00000000f8100000,0x00000000f8100000)
  from space 5632K, 60% used [0x00000000f8680000,0x00000000f89d4380,0x00000000f8c00000)
  to   space 5632K, 0% used [0x00000000f8100000,0x00000000f8100000,0x00000000f8680000)
 ParOldGen       total 40960K, used 9904K [0x00000000c4200000, 0x00000000c6a00000, 0x00000000ec100000)
  object space 40960K, 24% used [0x00000000c4200000,0x00000000c4bac090,0x00000000c6a00000)
 Metaspace       used 15657K, capacity 16298K, committed 16512K, reserved 1062912K
  class space    used 1881K, capacity 2081K, committed 2176K, reserved 1048576K

