# JRE version: Java(TM) SE Runtime Environment (8.0_111-b14) (build 1.8.0_111-b14)
# Java VM: Java HotSpot(TM) 64-Bit Server VM (25.111-b14 mixed mode linux-amd64 compressed oops)
Heap:
 PSYoungGen      total 201728K, used 704K [0x00000000ec100000, 0x00000000f8c00000, 0x0000000100000000)
  eden space 196096K, 0% used [0x00000000ec100000,0x00000000ec100000,0x00000000f8080000)
  from space 5632K, 12% used [0x00000000f8080000,0x00000000f8130000,0x00000000f8600000)
  to   space 5120K, 0% used [0x00000000f8600000,0x00000000f8600000,0x00000000f8b00000)
 ParOldGen       total 40960K, used 8963K [0x00000000c4200000, 0x00000000c6a00000, 0x00000000ec100000)
  object space 40960K, 21% used [0x00000000c4200000,0x00000000c4ac0e48,0x00000000c6a00000)
 Metaspace       used 9810K, capacity 10294K, committed 10496K, reserved 1058816K
  class space    used 1145K, capacity 1271K, committed 1280K, reserved 1048576K
GC Heap History (10 events):
Event: 4,123 GC heap after
Heap after GC invocations=6 (full 0):
 PSYoungGen      total 66560K, used 2934K [0x00000000ec100000, 0x00000000f0700000, 0x0000000100000000)
  eden space 61440K, 0% used [0x00000000ec100000,0x00000000ec100000,0x00000000efd00000)
  from space 5120K, 57% used [0x00000000f0200000,0x00000000f04ddba8,0x00000000f0700000)
  to   space 5120K, 0% used [0x00000000efd00000,0x00000000efd00000,0x00000000f0200000)
 ParOldGen       total 40960K, used 4457K [0x00000000c4200000, 0x00000000c6a00000, 0x00000000ec100000)
  object space 40960K, 10% used [0x00000000c4200000,0x00000000c465a4d0,0x00000000c6a00000)
 Metaspace       used 9708K, capacity 10218K, committed 10240K, reserved 1058816K
  class space    used 1144K, capacity 1271K, committed 1280K, reserved 1048576K
}
Event: 4,747 GC heap before
{Heap before GC invocations=7 (full 0):
 PSYoungGen      total 66560K, used 64374K [0x00000000ec100000, 0x00000000f0700000, 0x0000000100000000)
  eden space 61440K, 100% used [0x00000000ec100000,0x00000000efd00000,0x00000000efd00000)
  from space 5120K, 57% used [0x00000000f0200000,0x00000000f04ddba8,0x00000000f0700000)
  to   space 5120K, 0% used [0x00000000efd00000,0x00000000efd00000,0x00000000f0200000)
 ParOldGen       total 40960K, used 4457K [0x00000000c4200000, 0x00000000c6a00000, 0x00000000ec100000)
  object space 40960K, 10% used [0x00000000c4200000,0x00000000c465a4d0,0x00000000c6a00000)
 Metaspace       used 9752K, capacity 10230K, committed 10240K, reserved 1058816K
  class space    used 1144K, capacity 1271K, committed 1280K, reserved 1048576K
Event: 4,752 GC heap after
Heap after GC invocations=7 (full 0):
 PSYoungGen      total 66560K, used 1398K [0x00000000ec100000, 0x00000000f4300000, 0x0000000100000000)
  eden space 61440K, 0% used [0x00000000ec100000,0x00000000ec100000,0x00000000efd00000)
  from space 5120K, 27% used [0x00000000efd00000,0x00000000efe5dba8,0x00000000f0200000)
  to   space 5120K, 0% used [0x00000000f3e00000,0x00000000f3e00000,0x00000000f4300000)
 ParOldGen       total 40960K, used 6456K [0x00000000c4200000, 0x00000000c6a00000, 0x00000000ec100000)
  object space 40960K, 15% used [0x00000000c4200000,0x00000000c484e290,0x00000000c6a00000)
 Metaspace       used 9752K, capacity 10230K, committed 10240K, reserved 1058816K
  class space    used 1144K, capacity 1271K, committed 1280K, reserved 1048576K
}
Event: 5,371 GC heap before
{Heap before GC invocations=8 (full 0):
 PSYoungGen      total 66560K, used 62838K [0x00000000ec100000, 0x00000000f4300000, 0x0000000100000000)
  eden space 61440K, 100% used [0x00000000ec100000,0x00000000efd00000,0x00000000efd00000)
  from space 5120K, 27% used [0x00000000efd00000,0x00000000efe5dba8,0x00000000f0200000)
  to   space 5120K, 0% used [0x00000000f3e00000,0x00000000f3e00000,0x00000000f4300000)
 ParOldGen       total 40960K, used 6456K [0x00000000c4200000, 0x00000000c6a00000, 0x00000000ec100000)
  object space 40960K, 15% used [0x00000000c4200000,0x00000000c484e290,0x00000000c6a00000)
 Metaspace       used 9771K, capacity 10294K, committed 10496K, reserved 1058816K
  class space    used 1144K, capacity 1271K, committed 1280K, reserved 1048576K
Event: 5,373 GC heap after
Heap after GC invocations=8 (full 0):
 PSYoungGen      total 128000K, used 1494K [0x00000000ec100000, 0x00000000f4300000, 0x0000000100000000)
  eden space 122880K, 0% used [0x00000000ec100000,0x00000000ec100000,0x00000000f3900000)
  from space 5120K, 29% used [0x00000000f3e00000,0x00000000f3f75ba8,0x00000000f4300000)
  to   space 5120K, 0% used [0x00000000f3900000,0x00000000f3900000,0x00000000f3e00000)
 ParOldGen       total 40960K, used 6736K [0x00000000c4200000, 0x00000000c6a00000, 0x00000000ec100000)
  object space 40960K, 16% used [0x00000000c4200000,0x00000000c4894290,0x00000000c6a00000)
 Metaspace       used 9771K, capacity 10294K, committed 10496K, reserved 1058816K
  class space    used 1144K, capacity 1271K, committed 1280K, reserved 1048576K
}
Event: 7,066 GC heap before
{Heap before GC invocations=9 (full 0):
 PSYoungGen      total 128000K, used 124374K [0x00000000ec100000, 0x00000000f4300000, 0x0000000100000000)
  eden space 122880K, 100% used [0x00000000ec100000,0x00000000f3900000,0x00000000f3900000)
  from space 5120K, 29% used [0x00000000f3e00000,0x00000000f3f75ba8,0x00000000f4300000)
  to   space 5120K, 0% used [0x00000000f3900000,0x00000000f3900000,0x00000000f3e00000)
 ParOldGen       total 40960K, used 6736K [0x00000000c4200000, 0x00000000c6a00000, 0x00000000ec100000)
  object space 40960K, 16% used [0x00000000c4200000,0x00000000c4894290,0x00000000c6a00000)
 Metaspace       used 9803K, capacity 10294K, committed 10496K, reserved 1058816K
  class space    used 1145K, capacity 1271K, committed 1280K, reserved 1048576K
Event: 7,068 GC heap after
Heap after GC invocations=9 (full 0):
 PSYoungGen      total 128000K, used 1344K [0x00000000ec100000, 0x00000000f8b00000, 0x0000000100000000)
  eden space 122880K, 0% used [0x00000000ec100000,0x00000000ec100000,0x00000000f3900000)
  from space 5120K, 26% used [0x00000000f3900000,0x00000000f3a50000,0x00000000f3e00000)
  to   space 5120K, 0% used [0x00000000f8600000,0x00000000f8600000,0x00000000f8b00000)
 ParOldGen       total 40960K, used 7359K [0x00000000c4200000, 0x00000000c6a00000, 0x00000000ec100000)
  object space 40960K, 17% used [0x00000000c4200000,0x00000000c492fe38,0x00000000c6a00000)
 Metaspace       used 9803K, capacity 10294K, committed 10496K, reserved 1058816K
  class space    used 1145K, capacity 1271K, committed 1280K, reserved 1048576K
}
Event: 7,817 GC heap before
{Heap before GC invocations=10 (full 0):
 PSYoungGen      total 128000K, used 124224K [0x00000000ec100000, 0x00000000f8b00000, 0x0000000100000000)
  eden space 122880K, 100% used [0x00000000ec100000,0x00000000f3900000,0x00000000f3900000)
  from space 5120K, 26% used [0x00000000f3900000,0x00000000f3a50000,0x00000000f3e00000)
  to   space 5120K, 0% used [0x00000000f8600000,0x00000000f8600000,0x00000000f8b00000)
 ParOldGen       total 40960K, used 7359K [0x00000000c4200000, 0x00000000c6a00000, 0x00000000ec100000)
  object space 40960K, 17% used [0x00000000c4200000,0x00000000c492fe38,0x00000000c6a00000)
 Metaspace       used 9806K, capacity 10294K, committed 10496K, reserved 1058816K
  class space    used 1145K, capacity 1271K, committed 1280K, reserved 1048576K
Event: 7,820 GC heap after
Heap after GC invocations=10 (full 0):
 PSYoungGen      total 201216K, used 928K [0x00000000ec100000, 0x00000000f8c00000, 0x0000000100000000)
  eden space 196096K, 0% used [0x00000000ec100000,0x00000000ec100000,0x00000000f8080000)
  from space 5120K, 18% used [0x00000000f8600000,0x00000000f86e8000,0x00000000f8b00000)
  to   space 5632K, 0% used [0x00000000f8080000,0x00000000f8080000,0x00000000f8600000)
 ParOldGen       total 40960K, used 8095K [0x00000000c4200000, 0x00000000c6a00000, 0x00000000ec100000)
  object space 40960K, 19% used [0x00000000c4200000,0x00000000c49e7e38,0x00000000c6a00000)
 Metaspace       used 9806K, capacity 10294K, committed 10496K, reserved 1058816K
  class space    used 1145K, capacity 1271K, committed 1280K, reserved 1048576K
}
Event: 30,003 GC heap before
{Heap before GC invocations=11 (full 0):
 PSYoungGen      total 201216K, used 197024K [0x00000000ec100000, 0x00000000f8c00000, 0x0000000100000000)
  eden space 196096K, 100% used [0x00000000ec100000,0x00000000f8080000,0x00000000f8080000)
  from space 5120K, 18% used [0x00000000f8600000,0x00000000f86e8000,0x00000000f8b00000)
  to   space 5632K, 0% used [0x00000000f8080000,0x00000000f8080000,0x00000000f8600000)
 ParOldGen       total 40960K, used 8095K [0x00000000c4200000, 0x00000000c6a00000, 0x00000000ec100000)
  object space 40960K, 19% used [0x00000000c4200000,0x00000000c49e7e38,0x00000000c6a00000)
 Metaspace       used 9810K, capacity 10294K, committed 10496K, reserved 1058816K
  class space    used 1145K, capacity 1271K, committed 1280K, reserved 1048576K

