# JRE version: Java(TM) SE Runtime Environment (8.0_111-b14) (build 1.8.0_111-b14)
# Java VM: Java HotSpot(TM) 64-Bit Server VM (25.111-b14 mixed mode linux-amd64 compressed oops)
Heap:
 PSYoungGen      total 321536K, used 6627K [0x000000078bf00000, 0x000000079ff80000, 0x00000007c0000000)
  eden space 314880K, 0% used [0x000000078bf00000,0x000000078bf00000,0x000000079f280000)
  from space 6656K, 99% used [0x000000079f280000,0x000000079f8f8ee8,0x000000079f900000)
  to   space 6144K, 0% used [0x000000079f980000,0x000000079f980000,0x000000079ff80000)
 ParOldGen       total 40960K, used 33095K [0x0000000723c00000, 0x0000000726400000, 0x000000078bf00000)
  object space 40960K, 80% used [0x0000000723c00000,0x0000000725c51f70,0x0000000726400000)
 Metaspace       used 20347K, capacity 21132K, committed 21296K, reserved 1069056K
  class space    used 2405K, capacity 2660K, committed 2688K, reserved 1048576K
GC Heap History (10 events):
Event: 4,090 GC heap after
Heap after GC invocations=8 (full 0):
 PSYoungGen      total 130048K, used 3190K [0x000000078bf00000, 0x0000000794500000, 0x00000007c0000000)
  eden space 122880K, 0% used [0x000000078bf00000,0x000000078bf00000,0x0000000793700000)
  from space 7168K, 44% used [0x0000000793e00000,0x000000079411dbb8,0x0000000794500000)
  to   space 7168K, 0% used [0x0000000793700000,0x0000000793700000,0x0000000793e00000)
 ParOldGen       total 40960K, used 8988K [0x0000000723c00000, 0x0000000726400000, 0x000000078bf00000)
  object space 40960K, 21% used [0x0000000723c00000,0x00000007244c7170,0x0000000726400000)
 Metaspace       used 10119K, capacity 10564K, committed 10752K, reserved 1058816K
  class space    used 1161K, capacity 1274K, committed 1280K, reserved 1048576K
}
Event: 5,826 GC heap before
{Heap before GC invocations=9 (full 0):
 PSYoungGen      total 130048K, used 126070K [0x000000078bf00000, 0x0000000794500000, 0x00000007c0000000)
  eden space 122880K, 100% used [0x000000078bf00000,0x0000000793700000,0x0000000793700000)
  from space 7168K, 44% used [0x0000000793e00000,0x000000079411dbb8,0x0000000794500000)
  to   space 7168K, 0% used [0x0000000793700000,0x0000000793700000,0x0000000793e00000)
 ParOldGen       total 40960K, used 8988K [0x0000000723c00000, 0x0000000726400000, 0x000000078bf00000)
  object space 40960K, 21% used [0x0000000723c00000,0x00000007244c7170,0x0000000726400000)
 Metaspace       used 10159K, capacity 10692K, committed 10752K, reserved 1058816K
  class space    used 1161K, capacity 1274K, committed 1280K, reserved 1048576K
Event: 5,833 GC heap after
Heap after GC invocations=9 (full 0):
 PSYoungGen      total 130048K, used 4262K [0x000000078bf00000, 0x0000000798d00000, 0x00000007c0000000)
  eden space 122880K, 0% used [0x000000078bf00000,0x000000078bf00000,0x0000000793700000)
  from space 7168K, 59% used [0x0000000793700000,0x0000000793b29bb8,0x0000000793e00000)
  to   space 7168K, 0% used [0x0000000798600000,0x0000000798600000,0x0000000798d00000)
 ParOldGen       total 40960K, used 9708K [0x0000000723c00000, 0x0000000726400000, 0x000000078bf00000)
  object space 40960K, 23% used [0x0000000723c00000,0x000000072457b180,0x0000000726400000)
 Metaspace       used 10159K, capacity 10692K, committed 10752K, reserved 1058816K
  class space    used 1161K, capacity 1274K, committed 1280K, reserved 1048576K
}
Event: 8,519 GC heap before
{Heap before GC invocations=10 (full 0):
 PSYoungGen      total 130048K, used 127142K [0x000000078bf00000, 0x0000000798d00000, 0x00000007c0000000)
  eden space 122880K, 100% used [0x000000078bf00000,0x0000000793700000,0x0000000793700000)
  from space 7168K, 59% used [0x0000000793700000,0x0000000793b29bb8,0x0000000793e00000)
  to   space 7168K, 0% used [0x0000000798600000,0x0000000798600000,0x0000000798d00000)
 ParOldGen       total 40960K, used 9708K [0x0000000723c00000, 0x0000000726400000, 0x000000078bf00000)
  object space 40960K, 23% used [0x0000000723c00000,0x000000072457b180,0x0000000726400000)
 Metaspace       used 10159K, capacity 10692K, committed 10752K, reserved 1058816K
  class space    used 1161K, capacity 1274K, committed 1280K, reserved 1048576K
Event: 8,524 GC heap after
Heap after GC invocations=10 (full 0):
 PSYoungGen      total 202752K, used 4224K [0x000000078bf00000, 0x0000000798c00000, 0x00000007c0000000)
  eden space 196608K, 0% used [0x000000078bf00000,0x000000078bf00000,0x0000000797f00000)
  from space 6144K, 68% used [0x0000000798600000,0x0000000798a20290,0x0000000798c00000)
  to   space 6656K, 0% used [0x0000000797f00000,0x0000000797f00000,0x0000000798580000)
 ParOldGen       total 40960K, used 12051K [0x0000000723c00000, 0x0000000726400000, 0x000000078bf00000)
  object space 40960K, 29% used [0x0000000723c00000,0x00000007247c4d28,0x0000000726400000)
 Metaspace       used 10159K, capacity 10692K, committed 10752K, reserved 1058816K
  class space    used 1161K, capacity 1274K, committed 1280K, reserved 1048576K
}
Event: 14,731 GC heap before
{Heap before GC invocations=11 (full 0):
 PSYoungGen      total 202752K, used 200832K [0x000000078bf00000, 0x0000000798c00000, 0x00000007c0000000)
  eden space 196608K, 100% used [0x000000078bf00000,0x0000000797f00000,0x0000000797f00000)
  from space 6144K, 68% used [0x0000000798600000,0x0000000798a20290,0x0000000798c00000)
  to   space 6656K, 0% used [0x0000000797f00000,0x0000000797f00000,0x0000000798580000)
 ParOldGen       total 40960K, used 12051K [0x0000000723c00000, 0x0000000726400000, 0x000000078bf00000)
  object space 40960K, 29% used [0x0000000723c00000,0x00000007247c4d28,0x0000000726400000)
 Metaspace       used 10159K, capacity 10692K, committed 10752K, reserved 1058816K
  class space    used 1161K, capacity 1274K, committed 1280K, reserved 1048576K
Event: 14,748 GC heap after
Heap after GC invocations=11 (full 0):
 PSYoungGen      total 203264K, used 4624K [0x000000078bf00000, 0x00000007a0080000, 0x00000007c0000000)
  eden space 196608K, 0% used [0x000000078bf00000,0x000000078bf00000,0x0000000797f00000)
  from space 6656K, 69% used [0x0000000797f00000,0x0000000798384350,0x0000000798580000)
  to   space 7168K, 0% used [0x000000079f980000,0x000000079f980000,0x00000007a0080000)
 ParOldGen       total 40960K, used 16139K [0x0000000723c00000, 0x0000000726400000, 0x000000078bf00000)
  object space 40960K, 39% used [0x0000000723c00000,0x0000000724bc2d78,0x0000000726400000)
 Metaspace       used 10159K, capacity 10692K, committed 10752K, reserved 1058816K
  class space    used 1161K, capacity 1274K, committed 1280K, reserved 1048576K
}
Event: 20,644 GC heap before
{Heap before GC invocations=12 (full 0):
 PSYoungGen      total 203264K, used 201232K [0x000000078bf00000, 0x00000007a0080000, 0x00000007c0000000)
  eden space 196608K, 100% used [0x000000078bf00000,0x0000000797f00000,0x0000000797f00000)
  from space 6656K, 69% used [0x0000000797f00000,0x0000000798384350,0x0000000798580000)
  to   space 7168K, 0% used [0x000000079f980000,0x000000079f980000,0x00000007a0080000)
 ParOldGen       total 40960K, used 16139K [0x0000000723c00000, 0x0000000726400000, 0x000000078bf00000)
  object space 40960K, 39% used [0x0000000723c00000,0x0000000724bc2d78,0x0000000726400000)
 Metaspace       used 10159K, capacity 10692K, committed 10752K, reserved 1058816K
  class space    used 1161K, capacity 1274K, committed 1280K, reserved 1048576K
Event: 20,664 GC heap after
Heap after GC invocations=12 (full 0):
 PSYoungGen      total 321024K, used 4185K [0x000000078bf00000, 0x000000079ff80000, 0x00000007c0000000)
  eden space 314880K, 0% used [0x000000078bf00000,0x000000078bf00000,0x000000079f280000)
  from space 6144K, 68% used [0x000000079f980000,0x000000079fd96660,0x000000079ff80000)
  to   space 6656K, 0% used [0x000000079f280000,0x000000079f280000,0x000000079f900000)
 ParOldGen       total 40960K, used 20660K [0x0000000723c00000, 0x0000000726400000, 0x000000078bf00000)
  object space 40960K, 50% used [0x0000000723c00000,0x000000072502d1f8,0x0000000726400000)
 Metaspace       used 10159K, capacity 10692K, committed 10752K, reserved 1058816K
  class space    used 1161K, capacity 1274K, committed 1280K, reserved 1048576K
}
Event: 52,392 GC heap before
{Heap before GC invocations=13 (full 0):
 PSYoungGen      total 321024K, used 319065K [0x000000078bf00000, 0x000000079ff80000, 0x00000007c0000000)
  eden space 314880K, 100% used [0x000000078bf00000,0x000000079f280000,0x000000079f280000)
  from space 6144K, 68% used [0x000000079f980000,0x000000079fd96660,0x000000079ff80000)
  to   space 6656K, 0% used [0x000000079f280000,0x000000079f280000,0x000000079f900000)
 ParOldGen       total 40960K, used 20660K [0x0000000723c00000, 0x0000000726400000, 0x000000078bf00000)
  object space 40960K, 50% used [0x0000000723c00000,0x000000072502d1f8,0x0000000726400000)
 Metaspace       used 20347K, capacity 21132K, committed 21296K, reserved 1069056K
  class space    used 2405K, capacity 2660K, committed 2688K, reserved 1048576K

