# JRE version: Java(TM) SE Runtime Environment (8.0_111-b14) (build 1.8.0_111-b14)
# Java VM: Java HotSpot(TM) 64-Bit Server VM (25.111-b14 mixed mode linux-amd64 compressed oops)
Heap:
 PSYoungGen      total 218112K, used 54057K [0x00000000ec100000, 0x0000000100000000, 0x0000000100000000)
  eden space 109568K, 0% used [0x00000000ec100000,0x00000000ec100000,0x00000000f2c00000)
  from space 108544K, 49% used [0x00000000f9600000,0x00000000fcaca418,0x0000000100000000)
  to   space 108544K, 0% used [0x00000000f2c00000,0x00000000f2c00000,0x00000000f9600000)
 ParOldGen       total 319488K, used 319332K [0x00000000c4200000, 0x00000000d7a00000, 0x00000000ec100000)
  object space 319488K, 99% used [0x00000000c4200000,0x00000000d79d93c8,0x00000000d7a00000)
 Metaspace       used 9648K, capacity 10156K, committed 10240K, reserved 1058816K
  class space    used 1134K, capacity 1264K, committed 1280K, reserved 1048576K
GC Heap History (10 events):
Event: 657,308 GC heap after
Heap after GC invocations=74 (full 4):
 PSYoungGen      total 217088K, used 97254K [0x00000000ec100000, 0x0000000100000000, 0x0000000100000000)
  eden space 109568K, 0% used [0x00000000ec100000,0x00000000ec100000,0x00000000f2c00000)
  from space 107520K, 90% used [0x00000000f9700000,0x00000000ff5f98c8,0x0000000100000000)
  to   space 108544K, 0% used [0x00000000f2c00000,0x00000000f2c00000,0x00000000f9600000)
 ParOldGen       total 319488K, used 256681K [0x00000000c4200000, 0x00000000d7a00000, 0x00000000ec100000)
  object space 319488K, 80% used [0x00000000c4200000,0x00000000d3caa658,0x00000000d7a00000)
 Metaspace       used 9656K, capacity 10170K, committed 10240K, reserved 1058816K
  class space    used 1138K, capacity 1271K, committed 1280K, reserved 1048576K
}
Event: 680,823 GC heap before
{Heap before GC invocations=75 (full 4):
 PSYoungGen      total 217088K, used 206822K [0x00000000ec100000, 0x0000000100000000, 0x0000000100000000)
  eden space 109568K, 100% used [0x00000000ec100000,0x00000000f2c00000,0x00000000f2c00000)
  from space 107520K, 90% used [0x00000000f9700000,0x00000000ff5f98c8,0x0000000100000000)
  to   space 108544K, 0% used [0x00000000f2c00000,0x00000000f2c00000,0x00000000f9600000)
 ParOldGen       total 319488K, used 256681K [0x00000000c4200000, 0x00000000d7a00000, 0x00000000ec100000)
  object space 319488K, 80% used [0x00000000c4200000,0x00000000d3caa658,0x00000000d7a00000)
 Metaspace       used 9656K, capacity 10170K, committed 10240K, reserved 1058816K
  class space    used 1138K, capacity 1271K, committed 1280K, reserved 1048576K
Event: 680,875 GC heap after
Heap after GC invocations=75 (full 4):
 PSYoungGen      total 218112K, used 94982K [0x00000000ec100000, 0x0000000100000000, 0x0000000100000000)
  eden space 109568K, 0% used [0x00000000ec100000,0x00000000ec100000,0x00000000f2c00000)
  from space 108544K, 87% used [0x00000000f2c00000,0x00000000f88c18c8,0x00000000f9600000)
  to   space 108544K, 0% used [0x00000000f9600000,0x00000000f9600000,0x0000000100000000)
 ParOldGen       total 319488K, used 265025K [0x00000000c4200000, 0x00000000d7a00000, 0x00000000ec100000)
  object space 319488K, 82% used [0x00000000c4200000,0x00000000d44d0658,0x00000000d7a00000)
 Metaspace       used 9656K, capacity 10170K, committed 10240K, reserved 1058816K
  class space    used 1138K, capacity 1271K, committed 1280K, reserved 1048576K
}
Event: 705,038 GC heap before
{Heap before GC invocations=76 (full 4):
 PSYoungGen      total 218112K, used 204550K [0x00000000ec100000, 0x0000000100000000, 0x0000000100000000)
  eden space 109568K, 100% used [0x00000000ec100000,0x00000000f2c00000,0x00000000f2c00000)
  from space 108544K, 87% used [0x00000000f2c00000,0x00000000f88c18c8,0x00000000f9600000)
  to   space 108544K, 0% used [0x00000000f9600000,0x00000000f9600000,0x0000000100000000)
 ParOldGen       total 319488K, used 265025K [0x00000000c4200000, 0x00000000d7a00000, 0x00000000ec100000)
  object space 319488K, 82% used [0x00000000c4200000,0x00000000d44d0658,0x00000000d7a00000)
 Metaspace       used 9656K, capacity 10170K, committed 10240K, reserved 1058816K
  class space    used 1138K, capacity 1271K, committed 1280K, reserved 1048576K
Event: 705,104 GC heap after
Heap after GC invocations=76 (full 4):
 PSYoungGen      total 218112K, used 91250K [0x00000000ec100000, 0x0000000100000000, 0x0000000100000000)
  eden space 109568K, 0% used [0x00000000ec100000,0x00000000ec100000,0x00000000f2c00000)
  from space 108544K, 84% used [0x00000000f9600000,0x00000000fef1cb20,0x0000000100000000)
  to   space 108544K, 0% used [0x00000000f2c00000,0x00000000f2c00000,0x00000000f9600000)
 ParOldGen       total 319488K, used 274773K [0x00000000c4200000, 0x00000000d7a00000, 0x00000000ec100000)
  object space 319488K, 86% used [0x00000000c4200000,0x00000000d4e55400,0x00000000d7a00000)
 Metaspace       used 9656K, capacity 10170K, committed 10240K, reserved 1058816K
  class space    used 1138K, capacity 1271K, committed 1280K, reserved 1048576K
}
Event: 730,570 GC heap before
{Heap before GC invocations=77 (full 4):
 PSYoungGen      total 218112K, used 200818K [0x00000000ec100000, 0x0000000100000000, 0x0000000100000000)
  eden space 109568K, 100% used [0x00000000ec100000,0x00000000f2c00000,0x00000000f2c00000)
  from space 108544K, 84% used [0x00000000f9600000,0x00000000fef1cb20,0x0000000100000000)
  to   space 108544K, 0% used [0x00000000f2c00000,0x00000000f2c00000,0x00000000f9600000)
 ParOldGen       total 319488K, used 274773K [0x00000000c4200000, 0x00000000d7a00000, 0x00000000ec100000)
  object space 319488K, 86% used [0x00000000c4200000,0x00000000d4e55400,0x00000000d7a00000)
 Metaspace       used 9656K, capacity 10170K, committed 10240K, reserved 1058816K
  class space    used 1138K, capacity 1271K, committed 1280K, reserved 1048576K
Event: 730,626 GC heap after
Heap after GC invocations=77 (full 4):
 PSYoungGen      total 218112K, used 83986K [0x00000000ec100000, 0x0000000100000000, 0x0000000100000000)
  eden space 109568K, 0% used [0x00000000ec100000,0x00000000ec100000,0x00000000f2c00000)
  from space 108544K, 77% used [0x00000000f2c00000,0x00000000f7e04b20,0x00000000f9600000)
  to   space 108544K, 0% used [0x00000000f9600000,0x00000000f9600000,0x0000000100000000)
 ParOldGen       total 319488K, used 288197K [0x00000000c4200000, 0x00000000d7a00000, 0x00000000ec100000)
  object space 319488K, 90% used [0x00000000c4200000,0x00000000d5b71400,0x00000000d7a00000)
 Metaspace       used 9656K, capacity 10170K, committed 10240K, reserved 1058816K
  class space    used 1138K, capacity 1271K, committed 1280K, reserved 1048576K
}
Event: 755,830 GC heap before
{Heap before GC invocations=78 (full 4):
 PSYoungGen      total 218112K, used 193554K [0x00000000ec100000, 0x0000000100000000, 0x0000000100000000)
  eden space 109568K, 100% used [0x00000000ec100000,0x00000000f2c00000,0x00000000f2c00000)
  from space 108544K, 77% used [0x00000000f2c00000,0x00000000f7e04b20,0x00000000f9600000)
  to   space 108544K, 0% used [0x00000000f9600000,0x00000000f9600000,0x0000000100000000)
 ParOldGen       total 319488K, used 288197K [0x00000000c4200000, 0x00000000d7a00000, 0x00000000ec100000)
  object space 319488K, 90% used [0x00000000c4200000,0x00000000d5b71400,0x00000000d7a00000)
 Metaspace       used 9656K, capacity 10170K, committed 10240K, reserved 1058816K
  class space    used 1138K, capacity 1271K, committed 1280K, reserved 1048576K
Event: 755,889 GC heap after
Heap after GC invocations=78 (full 4):
 PSYoungGen      total 218112K, used 74706K [0x00000000ec100000, 0x0000000100000000, 0x0000000100000000)
  eden space 109568K, 0% used [0x00000000ec100000,0x00000000ec100000,0x00000000f2c00000)
  from space 108544K, 68% used [0x00000000f9600000,0x00000000fdef4b20,0x0000000100000000)
  to   space 108544K, 0% used [0x00000000f2c00000,0x00000000f2c00000,0x00000000f9600000)
 ParOldGen       total 319488K, used 303533K [0x00000000c4200000, 0x00000000d7a00000, 0x00000000ec100000)
  object space 319488K, 95% used [0x00000000c4200000,0x00000000d6a6b400,0x00000000d7a00000)
 Metaspace       used 9656K, capacity 10170K, committed 10240K, reserved 1058816K
  class space    used 1138K, capacity 1271K, committed 1280K, reserved 1048576K
}
Event: 755,892 GC heap before
{Heap before GC invocations=79 (full 5):
 PSYoungGen      total 218112K, used 74706K [0x00000000ec100000, 0x0000000100000000, 0x0000000100000000)
  eden space 109568K, 0% used [0x00000000ec100000,0x00000000ec100000,0x00000000f2c00000)
  from space 108544K, 68% used [0x00000000f9600000,0x00000000fdef4b20,0x0000000100000000)
  to   space 108544K, 0% used [0x00000000f2c00000,0x00000000f2c00000,0x00000000f9600000)
 ParOldGen       total 319488K, used 303533K [0x00000000c4200000, 0x00000000d7a00000, 0x00000000ec100000)
  object space 319488K, 95% used [0x00000000c4200000,0x00000000d6a6b400,0x00000000d7a00000)
 Metaspace       used 9656K, capacity 10170K, committed 10240K, reserved 1058816K
  class space    used 1138K, capacity 1271K, committed 1280K, reserved 1048576K

